local L0_0, L1_1
L0_0 = _util
L0_0 = L0_0.GetReason
L0_0 = L0_0()
L1_1 = _const
L1_1 = L1_1.CREATED
if L0_0 == L1_1 then
  L0_0 = _util
  L0_0 = L0_0.AddInterest
  L1_1 = _const
  L1_1 = L1_1.ITEM_DROPPED
  L0_0(L1_1)
end
L0_0 = _util
L0_0 = L0_0.GetReason
L0_0 = L0_0()
L1_1 = _const
L1_1 = L1_1.TOUCHED
if L0_0 == L1_1 then
  L0_0 = _util
  L0_0 = L0_0.GetConversationCount
  L0_0 = L0_0()
  L1_1 = _util
  L1_1 = L1_1.GetVar
  L1_1 = L1_1("FPM05_SnowForts_Intro")
  if L1_1 == 0 then
    if L0_0 == 0 then
      L1_1 = _util
      L1_1 = L1_1.AddDialog
      L1_1(3687, _const.CHANGE_NPC, _id.FPM05_SnowFort_NPC2, 1)
    elseif L0_0 == 1 then
      L1_1 = _util
      L1_1 = L1_1.SetConversationCount
      L1_1(0)
      L1_1 = _util
      L1_1 = L1_1.AddConversation
      L1_1(3690, 3691, -1, _const.CHANGE_NPC, _id.FPM05_SnowFort_NPC2, 2)
    elseif L0_0 == 10 then
      L1_1 = _util
      L1_1 = L1_1.AddConversation
      L1_1(3717, 3719, -1, _const.CHANGE_DIALOG, 11)
    elseif L0_0 == 11 then
      L1_1 = _util
      L1_1 = L1_1.SetConversationCount
      L1_1(0)
      L1_1 = _util
      L1_1 = L1_1.AddConversation
      L1_1(3720, 3721, -1, _const.CHANGE_NPC, _id.FPM05_SnowFort_NPC2, 11)
    end
  elseif L0_0 == 10 then
    L1_1 = _util
    L1_1 = L1_1.AddConversation
    L1_1(3711, 3713, -1, _const.CHANGE_DIALOG, 11)
  elseif L0_0 == 11 then
    L1_1 = _util
    L1_1 = L1_1.SetConversationCount
    L1_1(0)
    L1_1 = _util
    L1_1 = L1_1.AddDialog
    L1_1(3714, _const.CHANGE_NPC, _id.FPM05_SnowFort_NPC2, 11)
  else
    L1_1 = _util
    L1_1 = L1_1.GetVar
    L1_1 = L1_1("FPM05_Seaweed_Delivered")
    if L1_1 == 0 then
      if L0_0 == 0 then
        L1_1 = _util
        L1_1 = L1_1.AddConversation
        L1_1(3695, 3696, -1, _const.CHANGE_DIALOG, 1)
      elseif L0_0 == 1 then
        L1_1 = _util
        L1_1 = L1_1.AddDialog
        L1_1(4454, _const.END_DIALOG, 0)
      end
    else
      L1_1 = _util
      L1_1 = L1_1.GetVar
      L1_1 = L1_1("FPM05_Seaweed_Delivered")
      if L1_1 == 1 then
        L1_1 = _util
        L1_1 = L1_1.GetVar
        L1_1 = L1_1("FPM05_Dessert_Taken")
        if L1_1 == 0 then
          if L0_0 == 0 then
            L1_1 = _util
            L1_1 = L1_1.AddConversation
            L1_1(3699, 3700, -1, _const.CHANGE_DIALOG, 1)
          elseif L0_0 == 1 then
            L1_1 = _util
            L1_1 = L1_1.AddDialog
            L1_1(4456, _const.END_DIALOG, 0)
          end
        end
      elseif L0_0 == 0 then
        L1_1 = _util
        L1_1 = L1_1.AddConversation
        L1_1(3703, 3704, -1, _const.END_DIALOG, 0)
      end
    end
  end
end
L0_0 = _util
L0_0 = L0_0.GetReason
L0_0 = L0_0()
L1_1 = _const
L1_1 = L1_1.ITEM_DROPPED
if L0_0 == L1_1 then
  L0_0 = _util
  L0_0 = L0_0.GetSource
  L0_0 = L0_0()
  L1_1 = _id
  L1_1 = L1_1.Inventory_FP5_PizzaSeaweed
  if L0_0 == L1_1 then
    function L1_1()
      _util.SetVar("FPM05_Seaweed_Delivered", 1)
      _util.IncVar("FPM05_Num_Delivered")
      if _util.GetVar("FPM05_Num_Delivered") == 4 then
        _util.SetVar("FPM05_All_Delivered", 1)
      end
      _util.RemoveInventoryItem(_id.Inventory_FP5_PizzaSeaweed)
      _util.DisplayPopUp(493, "UI/Smilie", false)
      repeat
        scriptWait()
      until _util.IsPopUpVisible() == false
      _util.ActivateNpc(_util.GetSelf(), 10)
    end
    scriptPlay(L1_1)
  else
    L1_1 = _id
    L1_1 = L1_1.Inventory_FP5_PizzaSquid
    if L0_0 ~= L1_1 then
      L1_1 = _id
      L1_1 = L1_1.Inventory_FP5_PizzaHotSauce
      if L0_0 ~= L1_1 then
        L1_1 = _id
        L1_1 = L1_1.Inventory_FP5_PizzaDessert
      end
    elseif L0_0 == L1_1 then
      L1_1 = _util
      L1_1 = L1_1.AddDialog
      L1_1(3707, _const.END_DIALOG, 0)
    end
  end
end
